0 info it worked if it ends with ok
1 verbose cli [ 'node', '/usr/local/bin/npm', 'install', 'serve' ]
2 info using npm@1.4.14
3 info using node@v0.10.29
4 warn package.json blogAngular@0.0.0 No description
5 warn package.json blogAngular@0.0.0 No repository field.
6 warn package.json blogAngular@0.0.0 No README data
7 verbose readDependencies using package.json deps
8 verbose cache add [ 'serve', null ]
9 verbose cache add name=undefined spec="serve" args=["serve",null]
10 verbose parsed url { protocol: null,
10 verbose parsed url   slashes: null,
10 verbose parsed url   auth: null,
10 verbose parsed url   host: null,
10 verbose parsed url   port: null,
10 verbose parsed url   hostname: null,
10 verbose parsed url   hash: null,
10 verbose parsed url   search: null,
10 verbose parsed url   query: null,
10 verbose parsed url   pathname: 'serve',
10 verbose parsed url   path: 'serve',
10 verbose parsed url   href: 'serve' }
11 silly lockFile b88fb872-serve serve
12 verbose lock serve /Users/margaretgodowns/.npm/b88fb872-serve.lock
13 silly lockFile b88fb872-serve serve
14 silly lockFile b88fb872-serve serve
15 verbose addNamed [ 'serve', '' ]
16 verbose addNamed [ null, '*' ]
17 silly lockFile f5f9b276-serve serve@
18 verbose lock serve@ /Users/margaretgodowns/.npm/f5f9b276-serve.lock
19 silly addNameRange { name: 'serve', range: '*', hasData: false }
20 verbose url raw serve
21 verbose url resolving [ 'https://registry.npmjs.org/', './serve' ]
22 verbose url resolved https://registry.npmjs.org/serve
23 info trying registry request attempt 1 at 16:08:00
24 verbose etag "DQDO73840VCP9SPWGEGIBWSZ4"
25 http GET https://registry.npmjs.org/serve
26 http 304 https://registry.npmjs.org/serve
27 silly registry.get cb [ 304,
27 silly registry.get   { date: 'Thu, 04 Sep 2014 20:08:00 GMT',
27 silly registry.get     server: 'Apache',
27 silly registry.get     via: '1.1 varnish',
27 silly registry.get     'last-modified': 'Thu, 04 Sep 2014 20:08:00 GMT',
27 silly registry.get     'cache-control': 'max-age=60',
27 silly registry.get     etag: '"DQDO73840VCP9SPWGEGIBWSZ4"',
27 silly registry.get     'x-served-by': 'cache-jfk1027-JFK',
27 silly registry.get     'x-cache': 'HIT',
27 silly registry.get     'x-cache-hits': '1',
27 silly registry.get     'x-timer': 'S1409861280.318211,VS0,VE0',
27 silly registry.get     vary: 'Accept',
27 silly registry.get     'content-length': '0',
27 silly registry.get     'keep-alive': 'timeout=10, max=50',
27 silly registry.get     connection: 'Keep-Alive' } ]
28 verbose etag serve from cache
29 silly addNameRange number 2 { name: 'serve', range: '*', hasData: true }
30 silly addNameRange versions [ 'serve',
30 silly addNameRange   [ '0.0.1',
30 silly addNameRange     '0.0.2',
30 silly addNameRange     '0.0.3',
30 silly addNameRange     '0.0.4',
30 silly addNameRange     '0.0.5',
30 silly addNameRange     '1.0.0',
30 silly addNameRange     '1.0.1',
30 silly addNameRange     '1.0.2',
30 silly addNameRange     '1.0.3',
30 silly addNameRange     '1.1.0',
30 silly addNameRange     '1.2.0',
30 silly addNameRange     '1.3.0',
30 silly addNameRange     '1.4.0' ] ]
31 verbose addNamed [ 'serve', '1.4.0' ]
32 verbose addNamed [ '1.4.0', '1.4.0' ]
33 silly lockFile 41214fd0-serve-1-4-0 serve@1.4.0
34 verbose lock serve@1.4.0 /Users/margaretgodowns/.npm/41214fd0-serve-1-4-0.lock
35 silly lockFile 41214fd0-serve-1-4-0 serve@1.4.0
36 silly lockFile 41214fd0-serve-1-4-0 serve@1.4.0
37 silly lockFile f5f9b276-serve serve@
38 silly lockFile f5f9b276-serve serve@
39 silly resolved [ { name: 'serve',
39 silly resolved     version: '1.4.0',
39 silly resolved     description: 'Simple command-line file / directory server built with connect',
39 silly resolved     keywords: [ 'static', 'server', 'connect' ],
39 silly resolved     author: { name: 'TJ Holowaychuk', email: 'tj@vision-media.ca' },
39 silly resolved     preferGlobal: true,
39 silly resolved     homepage: 'https://github.com/visionmedia/serve',
39 silly resolved     repository: { type: 'git', url: 'https://github.com/visionmedia/serve.git' },
39 silly resolved     dependencies:
39 silly resolved      { connect: '2.3.x',
39 silly resolved        stylus: '*',
39 silly resolved        jade: '*',
39 silly resolved        'less-middleware': '*',
39 silly resolved        commander: '0.6.1' },
39 silly resolved     bin: { serve: './bin/serve' },
39 silly resolved     bugs: { url: 'https://github.com/visionmedia/serve/issues' },
39 silly resolved     _id: 'serve@1.4.0',
39 silly resolved     dist:
39 silly resolved      { shasum: 'e35f3ce6b42586b7f3ded7b5b0a31a01bb0e1005',
39 silly resolved        tarball: 'http://registry.npmjs.org/serve/-/serve-1.4.0.tgz' },
39 silly resolved     _from: 'serve@',
39 silly resolved     _npmVersion: '1.4.4',
39 silly resolved     _npmUser: { name: 'tjholowaychuk', email: 'tj@vision-media.ca' },
39 silly resolved     maintainers: [ [Object] ],
39 silly resolved     directories: {},
39 silly resolved     _shasum: 'e35f3ce6b42586b7f3ded7b5b0a31a01bb0e1005',
39 silly resolved     _resolved: 'https://registry.npmjs.org/serve/-/serve-1.4.0.tgz',
39 silly resolved     readme: 'ERROR: No README data found!' } ]
40 info install serve@1.4.0 into /Users/margaretgodowns/Documents/theIronYard/blogAngular
41 info installOne serve@1.4.0
42 info /Users/margaretgodowns/Documents/theIronYard/blogAngular/node_modules/serve unbuild
43 verbose tar unpack /Users/margaretgodowns/.npm/serve/1.4.0/package.tgz
44 silly lockFile 019da877-d-blogAngular-node-modules-serve tar:///Users/margaretgodowns/Documents/theIronYard/blogAngular/node_modules/serve
45 verbose lock tar:///Users/margaretgodowns/Documents/theIronYard/blogAngular/node_modules/serve /Users/margaretgodowns/.npm/019da877-d-blogAngular-node-modules-serve.lock
46 silly lockFile b6d91660-owns-npm-serve-1-4-0-package-tgz tar:///Users/margaretgodowns/.npm/serve/1.4.0/package.tgz
47 verbose lock tar:///Users/margaretgodowns/.npm/serve/1.4.0/package.tgz /Users/margaretgodowns/.npm/b6d91660-owns-npm-serve-1-4-0-package-tgz.lock
48 silly gunzTarPerm modes [ '755', '644' ]
49 silly gunzTarPerm extractEntry package.json
50 silly gunzTarPerm extractEntry .npmignore
51 silly gunzTarPerm extractEntry History.md
52 silly gunzTarPerm extractEntry Readme.md
53 silly gunzTarPerm extractEntry bin/serve
54 silly lockFile 019da877-d-blogAngular-node-modules-serve tar:///Users/margaretgodowns/Documents/theIronYard/blogAngular/node_modules/serve
55 silly lockFile 019da877-d-blogAngular-node-modules-serve tar:///Users/margaretgodowns/Documents/theIronYard/blogAngular/node_modules/serve
56 silly lockFile b6d91660-owns-npm-serve-1-4-0-package-tgz tar:///Users/margaretgodowns/.npm/serve/1.4.0/package.tgz
57 silly lockFile b6d91660-owns-npm-serve-1-4-0-package-tgz tar:///Users/margaretgodowns/.npm/serve/1.4.0/package.tgz
58 info preinstall serve@1.4.0
59 verbose readDependencies using package.json deps
60 verbose readDependencies using package.json deps
61 verbose cache add [ 'jade@*', null ]
62 verbose cache add name=undefined spec="jade@*" args=["jade@*",null]
63 verbose parsed url { protocol: null,
63 verbose parsed url   slashes: null,
63 verbose parsed url   auth: null,
63 verbose parsed url   host: null,
63 verbose parsed url   port: null,
63 verbose parsed url   hostname: null,
63 verbose parsed url   hash: null,
63 verbose parsed url   search: null,
63 verbose parsed url   query: null,
63 verbose parsed url   pathname: 'jade@*',
63 verbose parsed url   path: 'jade@*',
63 verbose parsed url   href: 'jade@*' }
64 verbose cache add [ 'connect@2.3.x', null ]
65 verbose cache add name=undefined spec="connect@2.3.x" args=["connect@2.3.x",null]
66 verbose parsed url { protocol: null,
66 verbose parsed url   slashes: null,
66 verbose parsed url   auth: null,
66 verbose parsed url   host: null,
66 verbose parsed url   port: null,
66 verbose parsed url   hostname: null,
66 verbose parsed url   hash: null,
66 verbose parsed url   search: null,
66 verbose parsed url   query: null,
66 verbose parsed url   pathname: 'connect@2.3.x',
66 verbose parsed url   path: 'connect@2.3.x',
66 verbose parsed url   href: 'connect@2.3.x' }
67 verbose cache add [ 'stylus@*', null ]
68 verbose cache add name=undefined spec="stylus@*" args=["stylus@*",null]
69 verbose parsed url { protocol: null,
69 verbose parsed url   slashes: null,
69 verbose parsed url   auth: null,
69 verbose parsed url   host: null,
69 verbose parsed url   port: null,
69 verbose parsed url   hostname: null,
69 verbose parsed url   hash: null,
69 verbose parsed url   search: null,
69 verbose parsed url   query: null,
69 verbose parsed url   pathname: 'stylus@*',
69 verbose parsed url   path: 'stylus@*',
69 verbose parsed url   href: 'stylus@*' }
70 verbose cache add name="jade" spec="*" args=["jade","*"]
71 verbose parsed url { protocol: null,
71 verbose parsed url   slashes: null,
71 verbose parsed url   auth: null,
71 verbose parsed url   host: null,
71 verbose parsed url   port: null,
71 verbose parsed url   hostname: null,
71 verbose parsed url   hash: null,
71 verbose parsed url   search: null,
71 verbose parsed url   query: null,
71 verbose parsed url   pathname: '*',
71 verbose parsed url   path: '*',
71 verbose parsed url   href: '*' }
72 verbose addNamed [ 'jade', '*' ]
73 verbose addNamed [ null, '*' ]
74 silly lockFile ad03ed78-jade jade@*
75 verbose lock jade@* /Users/margaretgodowns/.npm/ad03ed78-jade.lock
76 verbose cache add name="connect" spec="2.3.x" args=["connect","2.3.x"]
77 verbose parsed url { protocol: null,
77 verbose parsed url   slashes: null,
77 verbose parsed url   auth: null,
77 verbose parsed url   host: null,
77 verbose parsed url   port: null,
77 verbose parsed url   hostname: null,
77 verbose parsed url   hash: null,
77 verbose parsed url   search: null,
77 verbose parsed url   query: null,
77 verbose parsed url   pathname: '2.3.x',
77 verbose parsed url   path: '2.3.x',
77 verbose parsed url   href: '2.3.x' }
78 verbose addNamed [ 'connect', '2.3.x' ]
79 verbose addNamed [ null, '>=2.3.0-0 <2.4.0-0' ]
80 silly lockFile 48e3b5c0-connect-2-3-x connect@2.3.x
81 verbose lock connect@2.3.x /Users/margaretgodowns/.npm/48e3b5c0-connect-2-3-x.lock
82 verbose cache add [ 'less-middleware@*', null ]
83 verbose cache add name=undefined spec="less-middleware@*" args=["less-middleware@*",null]
84 verbose parsed url { protocol: null,
84 verbose parsed url   slashes: null,
84 verbose parsed url   auth: null,
84 verbose parsed url   host: null,
84 verbose parsed url   port: null,
84 verbose parsed url   hostname: null,
84 verbose parsed url   hash: null,
84 verbose parsed url   search: null,
84 verbose parsed url   query: null,
84 verbose parsed url   pathname: 'less-middleware@*',
84 verbose parsed url   path: 'less-middleware@*',
84 verbose parsed url   href: 'less-middleware@*' }
85 verbose cache add [ 'commander@0.6.1', null ]
86 verbose cache add name=undefined spec="commander@0.6.1" args=["commander@0.6.1",null]
87 verbose parsed url { protocol: null,
87 verbose parsed url   slashes: null,
87 verbose parsed url   auth: null,
87 verbose parsed url   host: null,
87 verbose parsed url   port: null,
87 verbose parsed url   hostname: null,
87 verbose parsed url   hash: null,
87 verbose parsed url   search: null,
87 verbose parsed url   query: null,
87 verbose parsed url   pathname: 'commander@0.6.1',
87 verbose parsed url   path: 'commander@0.6.1',
87 verbose parsed url   href: 'commander@0.6.1' }
88 verbose cache add name="stylus" spec="*" args=["stylus","*"]
89 verbose parsed url { protocol: null,
89 verbose parsed url   slashes: null,
89 verbose parsed url   auth: null,
89 verbose parsed url   host: null,
89 verbose parsed url   port: null,
89 verbose parsed url   hostname: null,
89 verbose parsed url   hash: null,
89 verbose parsed url   search: null,
89 verbose parsed url   query: null,
89 verbose parsed url   pathname: '*',
89 verbose parsed url   path: '*',
89 verbose parsed url   href: '*' }
90 verbose addNamed [ 'stylus', '*' ]
91 verbose addNamed [ null, '*' ]
92 silly lockFile 7849533d-stylus stylus@*
93 verbose lock stylus@* /Users/margaretgodowns/.npm/7849533d-stylus.lock
94 verbose cache add name="less-middleware" spec="*" args=["less-middleware","*"]
95 verbose parsed url { protocol: null,
95 verbose parsed url   slashes: null,
95 verbose parsed url   auth: null,
95 verbose parsed url   host: null,
95 verbose parsed url   port: null,
95 verbose parsed url   hostname: null,
95 verbose parsed url   hash: null,
95 verbose parsed url   search: null,
95 verbose parsed url   query: null,
95 verbose parsed url   pathname: '*',
95 verbose parsed url   path: '*',
95 verbose parsed url   href: '*' }
96 verbose addNamed [ 'less-middleware', '*' ]
97 verbose addNamed [ null, '*' ]
98 silly lockFile 6c2318f2-less-middleware less-middleware@*
99 verbose lock less-middleware@* /Users/margaretgodowns/.npm/6c2318f2-less-middleware.lock
100 verbose cache add name="commander" spec="0.6.1" args=["commander","0.6.1"]
101 verbose parsed url { protocol: null,
101 verbose parsed url   slashes: null,
101 verbose parsed url   auth: null,
101 verbose parsed url   host: null,
101 verbose parsed url   port: null,
101 verbose parsed url   hostname: null,
101 verbose parsed url   hash: null,
101 verbose parsed url   search: null,
101 verbose parsed url   query: null,
101 verbose parsed url   pathname: '0.6.1',
101 verbose parsed url   path: '0.6.1',
101 verbose parsed url   href: '0.6.1' }
102 verbose addNamed [ 'commander', '0.6.1' ]
103 verbose addNamed [ '0.6.1', '0.6.1' ]
104 silly lockFile fa16a2ce-commander-0-6-1 commander@0.6.1
105 verbose lock commander@0.6.1 /Users/margaretgodowns/.npm/fa16a2ce-commander-0-6-1.lock
106 silly addNameRange { name: 'jade', range: '*', hasData: false }
107 silly addNameRange { name: 'connect', range: '>=2.3.0-0 <2.4.0-0', hasData: false }
108 silly addNameRange { name: 'stylus', range: '*', hasData: false }
109 silly addNameRange { name: 'less-middleware', range: '*', hasData: false }
110 verbose url raw stylus
111 verbose url resolving [ 'https://registry.npmjs.org/', './stylus' ]
112 verbose url resolved https://registry.npmjs.org/stylus
113 info trying registry request attempt 1 at 16:08:00
114 verbose etag "1DQ00OJWWBPFNFTL2HE8ACQ63"
115 http GET https://registry.npmjs.org/stylus
116 verbose url raw less-middleware
117 verbose url resolving [ 'https://registry.npmjs.org/', './less-middleware' ]
118 verbose url resolved https://registry.npmjs.org/less-middleware
119 info trying registry request attempt 1 at 16:08:00
120 verbose etag "DT00KRXI87JVD110KJU3UZTEQ"
121 http GET https://registry.npmjs.org/less-middleware
122 verbose url raw commander
123 verbose url resolving [ 'https://registry.npmjs.org/', './commander' ]
124 verbose url resolved https://registry.npmjs.org/commander
125 info trying registry request attempt 1 at 16:08:00
126 verbose etag "BGUSKY72MNW78BPZMC8MCPLHL"
127 http GET https://registry.npmjs.org/commander
128 verbose url raw jade
129 verbose url resolving [ 'https://registry.npmjs.org/', './jade' ]
130 verbose url resolved https://registry.npmjs.org/jade
131 info trying registry request attempt 1 at 16:08:00
132 verbose etag "DZMO60UNRV35UWRDKNAJMTPR"
133 http GET https://registry.npmjs.org/jade
134 verbose url raw connect
135 verbose url resolving [ 'https://registry.npmjs.org/', './connect' ]
136 verbose url resolved https://registry.npmjs.org/connect
137 info trying registry request attempt 1 at 16:08:00
138 verbose etag "D2SK9SKTOETGHSI26774CH4QP"
139 http GET https://registry.npmjs.org/connect
140 http 304 https://registry.npmjs.org/less-middleware
141 silly registry.get cb [ 304,
141 silly registry.get   { date: 'Thu, 04 Sep 2014 20:08:00 GMT',
141 silly registry.get     server: 'Apache',
141 silly registry.get     via: '1.1 varnish',
141 silly registry.get     'last-modified': 'Thu, 04 Sep 2014 20:07:35 GMT',
141 silly registry.get     'cache-control': 'max-age=60',
141 silly registry.get     etag: '"DT00KRXI87JVD110KJU3UZTEQ"',
141 silly registry.get     'x-served-by': 'cache-jfk1028-JFK',
141 silly registry.get     'x-cache': 'HIT',
141 silly registry.get     'x-cache-hits': '2',
141 silly registry.get     'x-timer': 'S1409861280.710479,VS0,VE0',
141 silly registry.get     vary: 'Accept',
141 silly registry.get     'content-length': '0',
141 silly registry.get     'keep-alive': 'timeout=10, max=50',
141 silly registry.get     connection: 'Keep-Alive' } ]
142 verbose etag less-middleware from cache
143 http 304 https://registry.npmjs.org/commander
144 silly registry.get cb [ 304,
144 silly registry.get   { date: 'Thu, 04 Sep 2014 20:08:00 GMT',
144 silly registry.get     server: 'Apache',
144 silly registry.get     via: '1.1 varnish',
144 silly registry.get     'last-modified': 'Thu, 04 Sep 2014 20:07:37 GMT',
144 silly registry.get     'cache-control': 'max-age=60',
144 silly registry.get     etag: '"BGUSKY72MNW78BPZMC8MCPLHL"',
144 silly registry.get     'x-served-by': 'cache-jfk1027-JFK',
144 silly registry.get     'x-cache': 'HIT',
144 silly registry.get     'x-cache-hits': '3',
144 silly registry.get     'x-timer': 'S1409861280.713140,VS0,VE0',
144 silly registry.get     vary: 'Accept',
144 silly registry.get     'content-length': '0',
144 silly registry.get     'keep-alive': 'timeout=10, max=50',
144 silly registry.get     connection: 'Keep-Alive' } ]
145 verbose etag commander from cache
146 http 304 https://registry.npmjs.org/jade
147 silly registry.get cb [ 304,
147 silly registry.get   { date: 'Thu, 04 Sep 2014 20:08:00 GMT',
147 silly registry.get     server: 'Apache',
147 silly registry.get     via: '1.1 varnish',
147 silly registry.get     'last-modified': 'Thu, 04 Sep 2014 20:08:00 GMT',
147 silly registry.get     'cache-control': 'max-age=60',
147 silly registry.get     etag: '"DZMO60UNRV35UWRDKNAJMTPR"',
147 silly registry.get     'x-served-by': 'cache-jfk1028-JFK',
147 silly registry.get     'x-cache': 'HIT',
147 silly registry.get     'x-cache-hits': '1',
147 silly registry.get     'x-timer': 'S1409861280.717929,VS0,VE1',
147 silly registry.get     vary: 'Accept',
147 silly registry.get     'content-length': '0',
147 silly registry.get     'keep-alive': 'timeout=10, max=50',
147 silly registry.get     connection: 'Keep-Alive' } ]
148 verbose etag jade from cache
149 http 304 https://registry.npmjs.org/connect
150 silly registry.get cb [ 304,
150 silly registry.get   { date: 'Thu, 04 Sep 2014 20:08:00 GMT',
150 silly registry.get     server: 'Apache',
150 silly registry.get     via: '1.1 varnish',
150 silly registry.get     'last-modified': 'Thu, 04 Sep 2014 20:07:35 GMT',
150 silly registry.get     'cache-control': 'max-age=60',
150 silly registry.get     etag: '"D2SK9SKTOETGHSI26774CH4QP"',
150 silly registry.get     'x-served-by': 'cache-jfk1024-JFK',
150 silly registry.get     'x-cache': 'HIT',
150 silly registry.get     'x-cache-hits': '2',
150 silly registry.get     'x-timer': 'S1409861280.729867,VS0,VE0',
150 silly registry.get     vary: 'Accept',
150 silly registry.get     'content-length': '0',
150 silly registry.get     'keep-alive': 'timeout=10, max=50',
150 silly registry.get     connection: 'Keep-Alive' } ]
151 verbose etag connect from cache
152 silly addNameRange number 2 { name: 'less-middleware', range: '*', hasData: true }
153 silly addNameRange versions [ 'less-middleware',
153 silly addNameRange   [ '0.0.0',
153 silly addNameRange     '0.1.0',
153 silly addNameRange     '0.1.1',
153 silly addNameRange     '0.1.2',
153 silly addNameRange     '0.1.3',
153 silly addNameRange     '0.1.4',
153 silly addNameRange     '0.1.5',
153 silly addNameRange     '0.1.6',
153 silly addNameRange     '0.1.7',
153 silly addNameRange     '0.1.8',
153 silly addNameRange     '0.1.9',
153 silly addNameRange     '0.1.10',
153 silly addNameRange     '0.1.11',
153 silly addNameRange     '0.1.12',
153 silly addNameRange     '0.1.13',
153 silly addNameRange     '0.1.14',
153 silly addNameRange     '0.1.15',
153 silly addNameRange     '0.2.0-beta',
153 silly addNameRange     '0.2.1-beta',
153 silly addNameRange     '1.0.0-beta',
153 silly addNameRange     '1.0.1-beta',
153 silly addNameRange     '1.0.2',
153 silly addNameRange     '1.0.3',
153 silly addNameRange     '1.0.4' ] ]
154 verbose addNamed [ 'less-middleware', '1.0.4' ]
155 verbose addNamed [ '1.0.4', '1.0.4' ]
156 silly lockFile 5a919b5c-less-middleware-1-0-4 less-middleware@1.0.4
157 verbose lock less-middleware@1.0.4 /Users/margaretgodowns/.npm/5a919b5c-less-middleware-1-0-4.lock
158 silly addNameRange number 2 { name: 'connect', range: '>=2.3.0-0 <2.4.0-0', hasData: true }
159 silly addNameRange versions [ 'connect',
159 silly addNameRange   [ '0.0.1',
159 silly addNameRange     '0.0.2',
159 silly addNameRange     '0.0.3',
159 silly addNameRange     '0.0.4',
159 silly addNameRange     '0.0.5',
159 silly addNameRange     '0.0.6',
159 silly addNameRange     '0.1.0',
159 silly addNameRange     '0.2.0',
159 silly addNameRange     '0.2.1',
159 silly addNameRange     '0.2.2',
159 silly addNameRange     '0.2.3',
159 silly addNameRange     '0.2.4',
159 silly addNameRange     '0.2.5',
159 silly addNameRange     '0.2.6',
159 silly addNameRange     '0.2.7',
159 silly addNameRange     '0.3.0',
159 silly addNameRange     '0.4.0',
159 silly addNameRange     '0.5.0',
159 silly addNameRange     '0.5.1',
159 silly addNameRange     '0.5.2',
159 silly addNameRange     '0.5.3',
159 silly addNameRange     '0.5.4',
159 silly addNameRange     '0.5.5',
159 silly addNameRange     '0.5.6',
159 silly addNameRange     '0.5.7',
159 silly addNameRange     '0.5.8',
159 silly addNameRange     '0.5.9',
159 silly addNameRange     '0.5.10',
159 silly addNameRange     '1.0.0',
159 silly addNameRange     '1.0.1',
159 silly addNameRange     '1.0.2',
159 silly addNameRange     '1.0.3',
159 silly addNameRange     '1.0.4',
159 silly addNameRange     '1.0.5',
159 silly addNameRange     '1.0.6',
159 silly addNameRange     '1.1.0',
159 silly addNameRange     '1.1.1',
159 silly addNameRange     '1.1.2',
159 silly addNameRange     '1.1.3',
159 silly addNameRange     '1.1.4',
159 silly addNameRange     '1.1.5',
159 silly addNameRange     '1.2.0',
159 silly addNameRange     '1.2.1',
159 silly addNameRange     '1.2.2',
159 silly addNameRange     '1.2.3',
159 silly addNameRange     '1.3.0',
159 silly addNameRange     '1.4.0',
159 silly addNameRange     '1.4.1',
159 silly addNameRange     '1.4.2',
159 silly addNameRange     '1.4.3',
159 silly addNameRange     '1.4.4',
159 silly addNameRange     '1.4.5',
159 silly addNameRange     '1.4.6',
159 silly addNameRange     '1.5.0',
159 silly addNameRange     '1.5.1',
159 silly addNameRange     '1.5.2',
159 silly addNameRange     '1.6.0',
159 silly addNameRange     '1.6.1',
159 silly addNameRange     '1.6.2',
159 silly addNameRange     '1.6.3',
159 silly addNameRange     '1.6.4',
159 silly addNameRange     '1.7.0',
159 silly addNameRange     '1.7.1',
159 silly addNameRange     '1.7.2',
159 silly addNameRange     '1.7.3',
159 silly addNameRange     '1.8.0',
159 silly addNameRange     '1.8.1',
159 silly addNameRange     '1.8.2',
159 silly addNameRange     '1.8.3',
159 silly addNameRange     '1.8.4',
159 silly addNameRange     '1.8.5',
159 silly addNameRange     '2.0.0',
159 silly addNameRange     '2.0.1',
159 silly addNameRange     '2.0.2',
159 silly addNameRange     '2.0.3',
159 silly addNameRange     '1.8.6',
159 silly addNameRange     '2.1.0',
159 silly addNameRange     '2.1.1',
159 silly addNameRange     '2.1.2',
159 silly addNameRange     '1.8.7',
159 silly addNameRange     '2.1.3',
159 silly addNameRange     '2.2.0',
159 silly addNameRange     '2.2.1',
159 silly addNameRange     '2.2.2',
159 silly addNameRange     '2.3.0',
159 silly addNameRange     '2.3.1',
159 silly addNameRange     '2.3.2',
159 silly addNameRange     '2.3.3',
159 silly addNameRange     '1.9.0',
159 silly addNameRange     '1.9.1',
159 silly addNameRange     '2.3.4',
159 silly addNameRange     '2.3.5',
159 silly addNameRange     '2.3.6',
159 silly addNameRange     '2.3.7',
159 silly addNameRange     '1.9.2',
159 silly addNameRange     '2.3.8',
159 silly addNameRange     '2.3.9',
159 silly addNameRange     '2.4.0',
159 silly addNameRange     '2.4.1',
159 silly addNameRange     '2.4.2',
159 silly addNameRange     '2.4.3',
159 silly addNameRange     '2.4.4',
159 silly addNameRange     '2.4.5',
159 silly addNameRange     '2.4.6',
159 silly addNameRange     '2.5.0',
159 silly addNameRange     '2.6.0',
159 silly addNameRange     '2.6.1',
159 silly addNameRange     '2.6.2',
159 silly addNameRange     '2.7.0',
159 silly addNameRange     '2.7.1',
159 silly addNameRange     '2.7.2',
159 silly addNameRange     '2.7.3',
159 silly addNameRange     '2.7.4',
159 silly addNameRange     '2.7.5',
159 silly addNameRange     '2.7.6',
159 silly addNameRange     '2.7.7',
159 silly addNameRange     '2.7.8',
159 silly addNameRange     '2.7.9',
159 silly addNameRange     '2.7.10',
159 silly addNameRange     '2.7.11',
159 silly addNameRange     '2.8.0',
159 silly addNameRange     '2.8.1',
159 silly addNameRange     '2.8.2',
159 silly addNameRange     '2.8.3',
159 silly addNameRange     '2.8.4',
159 silly addNameRange     '2.8.5',
159 silly addNameRange     '2.8.6',
159 silly addNameRange     '2.8.7',
159 silly addNameRange     '2.8.8',
159 silly addNameRange     '2.9.0',
159 silly addNameRange     '2.9.1',
159 silly addNameRange     '2.9.2',
159 silly addNameRange     '2.10.0',
159 silly addNameRange     '2.10.1',
159 silly addNameRange     '2.11.0',
159 silly addNameRange     '2.11.1',
159 silly addNameRange     '2.11.2',
159 silly addNameRange     '2.12.0',
159 silly addNameRange     '2.13.0',
159 silly addNameRange     '2.13.1',
159 silly addNameRange     '2.14.0',
159 silly addNameRange     '2.14.1',
159 silly addNameRange     '3.0.0-rc.1',
159 silly addNameRange     '2.14.2',
159 silly addNameRange     '2.14.3',
159 silly addNameRange     '2.14.4',
159 silly addNameRange     '2.14.5',
159 silly addNameRange     '2.15.0',
159 silly addNameRange     '3.0.0-rc.2',
159 silly addNameRange     '2.16.0',
159 silly addNameRange     '2.16.1',
159 silly addNameRange     '2.16.2',
159 silly addNameRange     '2.17.0',
159 silly addNameRange     '2.17.1',
159 silly addNameRange     '2.17.2',
159 silly addNameRange     '2.17.3',
159 silly addNameRange     '2.18.0',
159 silly addNameRange     '3.0.0',
159 silly addNameRange     '2.19.0',
159 silly addNameRange     '2.19.1',
159 silly addNameRange     '2.19.2',
159 silly addNameRange     '2.19.3',
159 silly addNameRange     '2.19.4',
159 silly addNameRange     '2.19.5',
159 silly addNameRange     '2.19.6',
159 silly addNameRange     '2.20.0',
159 silly addNameRange     '2.20.1',
159 silly addNameRange     '2.20.2',
159 silly addNameRange     '3.0.1',
159 silly addNameRange     '2.21.0',
159 silly addNameRange     '2.21.1',
159 silly addNameRange     '2.22.0',
159 silly addNameRange     '2.23.0',
159 silly addNameRange     '3.0.2',
159 silly addNameRange     '2.24.0',
159 silly addNameRange     '3.1.0',
159 silly addNameRange     '2.24.1',
159 silly addNameRange     '2.24.2',
159 silly addNameRange     '2.24.3',
159 silly addNameRange     '2.25.0',
159 silly addNameRange     '2.25.1',
159 silly addNameRange     '2.25.2',
159 silly addNameRange     '2.25.3',
159 silly addNameRange     '2.25.4',
159 silly addNameRange     '3.1.1',
159 silly addNameRange     '2.25.5',
159 silly addNameRange     '2.25.6',
159 silly addNameRange     '2.25.7',
159 silly addNameRange     '2.25.8',
159 silly addNameRange     '2.25.9' ] ]
160 verbose addNamed [ 'connect', '2.3.9' ]
161 verbose addNamed [ '2.3.9', '2.3.9' ]
162 silly lockFile 8ce732b1-connect-2-3-9 connect@2.3.9
163 verbose lock connect@2.3.9 /Users/margaretgodowns/.npm/8ce732b1-connect-2-3-9.lock
164 silly addNameRange number 2 { name: 'jade', range: '*', hasData: true }
165 silly addNameRange versions [ 'jade',
165 silly addNameRange   [ '0.0.1',
165 silly addNameRange     '0.0.2',
165 silly addNameRange     '0.1.0',
165 silly addNameRange     '0.2.0',
165 silly addNameRange     '0.2.1',
165 silly addNameRange     '0.2.2',
165 silly addNameRange     '0.2.3',
165 silly addNameRange     '0.2.4',
165 silly addNameRange     '0.3.0',
165 silly addNameRange     '0.4.0',
165 silly addNameRange     '0.4.1',
165 silly addNameRange     '0.5.0',
165 silly addNameRange     '0.5.1',
165 silly addNameRange     '0.5.2',
165 silly addNameRange     '0.5.3',
165 silly addNameRange     '0.5.4',
165 silly addNameRange     '0.5.5',
165 silly addNameRange     '0.5.6',
165 silly addNameRange     '0.5.7',
165 silly addNameRange     '0.6.0',
165 silly addNameRange     '0.6.1',
165 silly addNameRange     '0.6.3',
165 silly addNameRange     '0.7.0',
165 silly addNameRange     '0.7.1',
165 silly addNameRange     '0.8.0',
165 silly addNameRange     '0.8.1',
165 silly addNameRange     '0.8.2',
165 silly addNameRange     '0.8.3',
165 silly addNameRange     '0.8.4',
165 silly addNameRange     '0.8.5',
165 silly addNameRange     '0.8.6',
165 silly addNameRange     '0.8.7',
165 silly addNameRange     '0.8.8',
165 silly addNameRange     '0.8.9',
165 silly addNameRange     '0.9.0',
165 silly addNameRange     '0.9.1',
165 silly addNameRange     '0.9.2',
165 silly addNameRange     '0.9.3',
165 silly addNameRange     '0.10.0',
165 silly addNameRange     '0.10.1',
165 silly addNameRange     '0.10.2',
165 silly addNameRange     '0.10.3',
165 silly addNameRange     '0.10.4',
165 silly addNameRange     '0.10.5',
165 silly addNameRange     '0.10.6',
165 silly addNameRange     '0.10.7',
165 silly addNameRange     '0.11.0',
165 silly addNameRange     '0.11.1',
165 silly addNameRange     '0.12.0',
165 silly addNameRange     '0.12.1',
165 silly addNameRange     '0.12.2',
165 silly addNameRange     '0.12.3',
165 silly addNameRange     '0.12.4',
165 silly addNameRange     '0.13.0',
165 silly addNameRange     '0.14.0',
165 silly addNameRange     '0.14.1',
165 silly addNameRange     '0.14.2',
165 silly addNameRange     '0.15.0',
165 silly addNameRange     '0.15.1',
165 silly addNameRange     '0.15.2',
165 silly addNameRange     '0.15.3',
165 silly addNameRange     '0.15.4',
165 silly addNameRange     '0.16.0',
165 silly addNameRange     '0.16.1',
165 silly addNameRange     '0.16.2',
165 silly addNameRange     '0.16.3',
165 silly addNameRange     '0.16.4',
165 silly addNameRange     '0.17.0',
165 silly addNameRange     '0.18.0',
165 silly addNameRange     '0.19.0',
165 silly addNameRange     '0.20.0',
165 silly addNameRange     '0.20.1',
165 silly addNameRange     '0.20.2',
165 silly addNameRange     '0.20.3',
165 silly addNameRange     '0.21.0',
165 silly addNameRange     '0.22.0',
165 silly addNameRange     '0.22.1',
165 silly addNameRange     '0.23.0',
165 silly addNameRange     '0.24.0',
165 silly addNameRange     '0.25.0',
165 silly addNameRange     '0.26.0',
165 silly addNameRange     '0.26.1',
165 silly addNameRange     '0.26.2',
165 silly addNameRange     '0.26.3',
165 silly addNameRange     '0.27.0',
165 silly addNameRange     '0.27.1',
165 silly addNameRange     '0.27.2',
165 silly addNameRange     '0.27.3',
165 silly addNameRange     '0.27.4',
165 silly addNameRange     '0.27.5',
165 silly addNameRange     '0.27.6',
165 silly addNameRange     '0.27.7',
165 silly addNameRange     '0.28.0',
165 silly addNameRange     '0.28.1',
165 silly addNameRange     '0.28.2',
165 silly addNameRange     '0.29.0',
165 silly addNameRange     '0.30.0',
165 silly addNameRange     '0.31.0',
165 silly addNameRange     '0.31.1',
165 silly addNameRange     '0.31.2',
165 silly addNameRange     '0.32.0',
165 silly addNameRange     '0.33.0',
165 silly addNameRange     '0.34.0',
165 silly addNameRange     '0.34.1',
165 silly addNameRange     '0.35.0',
165 silly addNameRange     '1.0.0',
165 silly addNameRange     '1.0.1',
165 silly addNameRange     '1.0.2',
165 silly addNameRange     '1.1.0',
165 silly addNameRange     '1.1.1',
165 silly addNameRange     '1.1.2',
165 silly addNameRange     '1.1.3',
165 silly addNameRange     '1.1.4',
165 silly addNameRange     '1.1.5',
165 silly addNameRange     '1.2.0',
165 silly addNameRange     '1.3.0',
165 silly addNameRange     '1.3.1',
165 silly addNameRange     '1.4.0',
165 silly addNameRange     '1.4.1',
165 silly addNameRange     '1.4.2',
165 silly addNameRange     '1.5.0',
165 silly addNameRange     '1.6.0' ] ]
166 verbose addNamed [ 'jade', '1.6.0' ]
167 verbose addNamed [ '1.6.0', '1.6.0' ]
168 silly lockFile c06071bd-jade-1-6-0 jade@1.6.0
169 verbose lock jade@1.6.0 /Users/margaretgodowns/.npm/c06071bd-jade-1-6-0.lock
170 silly lockFile 5a919b5c-less-middleware-1-0-4 less-middleware@1.0.4
171 silly lockFile 5a919b5c-less-middleware-1-0-4 less-middleware@1.0.4
172 silly lockFile 6c2318f2-less-middleware less-middleware@*
173 silly lockFile 6c2318f2-less-middleware less-middleware@*
174 silly lockFile fa16a2ce-commander-0-6-1 commander@0.6.1
175 silly lockFile fa16a2ce-commander-0-6-1 commander@0.6.1
176 silly lockFile 8ce732b1-connect-2-3-9 connect@2.3.9
177 silly lockFile 8ce732b1-connect-2-3-9 connect@2.3.9
178 http 304 https://registry.npmjs.org/stylus
179 silly registry.get cb [ 304,
179 silly registry.get   { date: 'Thu, 04 Sep 2014 20:08:00 GMT',
179 silly registry.get     server: 'Apache',
179 silly registry.get     via: '1.1 varnish',
179 silly registry.get     'last-modified': 'Thu, 04 Sep 2014 20:08:00 GMT',
179 silly registry.get     'cache-control': 'max-age=60',
179 silly registry.get     etag: '"1DQ00OJWWBPFNFTL2HE8ACQ63"',
179 silly registry.get     'x-served-by': 'cache-jfk1024-JFK',
179 silly registry.get     'x-cache': 'HIT',
179 silly registry.get     'x-cache-hits': '1',
179 silly registry.get     'x-timer': 'S1409861280.718367,VS0,VE84',
179 silly registry.get     vary: 'Accept',
179 silly registry.get     'content-length': '0',
179 silly registry.get     'keep-alive': 'timeout=10, max=50',
179 silly registry.get     connection: 'Keep-Alive' } ]
180 verbose etag stylus from cache
181 silly lockFile 48e3b5c0-connect-2-3-x connect@2.3.x
182 silly lockFile 48e3b5c0-connect-2-3-x connect@2.3.x
183 silly addNameRange number 2 { name: 'stylus', range: '*', hasData: true }
184 silly addNameRange versions [ 'stylus',
184 silly addNameRange   [ '0.0.1',
184 silly addNameRange     '0.0.2',
184 silly addNameRange     '0.1.0',
184 silly addNameRange     '0.2.0',
184 silly addNameRange     '0.2.1',
184 silly addNameRange     '0.3.0',
184 silly addNameRange     '0.3.1',
184 silly addNameRange     '0.4.0',
184 silly addNameRange     '0.4.1',
184 silly addNameRange     '0.5.0',
184 silly addNameRange     '0.5.1',
184 silly addNameRange     '0.5.2',
184 silly addNameRange     '0.5.3',
184 silly addNameRange     '0.6.0',
184 silly addNameRange     '0.6.2',
184 silly addNameRange     '0.6.3',
184 silly addNameRange     '0.6.4',
184 silly addNameRange     '0.6.5',
184 silly addNameRange     '0.6.6',
184 silly addNameRange     '0.6.7',
184 silly addNameRange     '0.7.0',
184 silly addNameRange     '0.7.1',
184 silly addNameRange     '0.7.2',
184 silly addNameRange     '0.7.3',
184 silly addNameRange     '0.7.4',
184 silly addNameRange     '0.8.0',
184 silly addNameRange     '0.9.0',
184 silly addNameRange     '0.9.1',
184 silly addNameRange     '0.9.2',
184 silly addNameRange     '0.10.0',
184 silly addNameRange     '0.11.0',
184 silly addNameRange     '0.11.1',
184 silly addNameRange     '0.11.2',
184 silly addNameRange     '0.11.3',
184 silly addNameRange     '0.11.4',
184 silly addNameRange     '0.11.5',
184 silly addNameRange     '0.11.6',
184 silly addNameRange     '0.11.7',
184 silly addNameRange     '0.11.8',
184 silly addNameRange     '0.11.9',
184 silly addNameRange     '0.11.10',
184 silly addNameRange     '0.11.11',
184 silly addNameRange     '0.11.12',
184 silly addNameRange     '0.12.0',
184 silly addNameRange     '0.12.1',
184 silly addNameRange     '0.12.2',
184 silly addNameRange     '0.12.3',
184 silly addNameRange     '0.12.4',
184 silly addNameRange     '0.13.0',
184 silly addNameRange     '0.13.1',
184 silly addNameRange     '0.13.2',
184 silly addNameRange     '0.13.3',
184 silly addNameRange     '0.13.4',
184 silly addNameRange     '0.13.5',
184 silly addNameRange     '0.13.6',
184 silly addNameRange     '0.13.7',
184 silly addNameRange     '0.13.8',
184 silly addNameRange     '0.13.9',
184 silly addNameRange     '0.14.0',
184 silly addNameRange     '0.15.0',
184 silly addNameRange     '0.15.1',
184 silly addNameRange     '0.15.2',
184 silly addNameRange     '0.15.3',
184 silly addNameRange     '0.15.4',
184 silly addNameRange     '0.16.0',
184 silly addNameRange     '0.17.0',
184 silly addNameRange     '0.18.0',
184 silly addNameRange     '0.19.0',
184 silly addNameRange     '0.19.1',
184 silly addNameRange     '0.19.2',
184 silly addNameRange     '0.19.3',
184 silly addNameRange     '0.19.4',
184 silly addNameRange     '0.19.5',
184 silly addNameRange     '0.19.6',
184 silly addNameRange     '0.19.7',
184 silly addNameRange     '0.19.8',
184 silly addNameRange     '0.20.0',
184 silly addNameRange     '0.20.1',
184 silly addNameRange     '0.21.0',
184 silly addNameRange     '0.21.1',
184 silly addNameRange     '0.21.2',
184 silly addNameRange     '0.22.0',
184 silly addNameRange     '0.22.1',
184 silly addNameRange     '0.22.2',
184 silly addNameRange     '0.22.3',
184 silly addNameRange     '0.22.4',
184 silly addNameRange     '0.22.5',
184 silly addNameRange     '0.22.6',
184 silly addNameRange     '0.23.0',
184 silly addNameRange     '0.24.0',
184 silly addNameRange     '0.25.0',
184 silly addNameRange     '0.26.0',
184 silly addNameRange     '0.26.1',
184 silly addNameRange     '0.27.0',
184 silly addNameRange     '0.27.1',
184 silly addNameRange     '0.27.2',
184 silly addNameRange     '0.28.0',
184 silly addNameRange     '0.28.1',
184 silly addNameRange     '0.28.2',
184 silly addNameRange     '0.29.0',
184 silly addNameRange     '0.30.0',
184 silly addNameRange     '0.30.1',
184 silly addNameRange     '0.31.0',
184 silly addNameRange     '0.32.0',
184 silly addNameRange     '0.32.1',
184 silly addNameRange     '0.33.0',
184 silly addNameRange     '0.33.1',
184 silly addNameRange     '0.34.0',
184 silly addNameRange     '0.34.1',
184 silly addNameRange     '0.35.0',
184 silly addNameRange     '0.35.1',
184 silly addNameRange     '0.36.0',
184 silly addNameRange     '0.36.1',
184 silly addNameRange     '0.37.0',
184 silly addNameRange     '0.38.0',
184 silly addNameRange     '0.39.0',
184 silly addNameRange     '0.39.1',
184 silly addNameRange     '0.39.2',
184 silly addNameRange     '0.39.3',
184 silly addNameRange     '0.39.4',
184 silly addNameRange     '0.40.0',
184 silly addNameRange     '0.40.1',
184 silly addNameRange     '0.40.2',
184 silly addNameRange     '0.40.3',
184 silly addNameRange     '0.41.0',
184 silly addNameRange     '0.41.1',
184 silly addNameRange     '0.41.2',
184 silly addNameRange     '0.41.3',
184 silly addNameRange     '0.42.0',
184 silly addNameRange     '0.42.1',
184 silly addNameRange     '0.42.2',
184 silly addNameRange     '0.42.3',
184 silly addNameRange     '0.43.0',
184 silly addNameRange     '0.44.0-beta',
184 silly addNameRange     '0.43.1',
184 silly addNameRange     '0.44.0-beta2',
184 silly addNameRange     '0.44.0-beta3',
184 silly addNameRange     '0.44.0',
184 silly addNameRange     '0.45.0',
184 silly addNameRange     '0.45.1',
184 silly addNameRange     '0.46.0',
184 silly addNameRange     '0.46.1',
184 silly addNameRange     '0.46.2',
184 silly addNameRange     '0.46.3',
184 silly addNameRange     '0.47.0',
184 silly addNameRange     '0.47.1',
184 silly addNameRange     '0.47.2',
184 silly addNameRange     '0.47.3',
184 silly addNameRange     '0.48.0',
184 silly addNameRange     '0.48.1' ] ]
185 verbose addNamed [ 'stylus', '0.48.1' ]
186 verbose addNamed [ '0.48.1', '0.48.1' ]
187 silly lockFile c91de2fa-stylus-0-48-1 stylus@0.48.1
188 verbose lock stylus@0.48.1 /Users/margaretgodowns/.npm/c91de2fa-stylus-0-48-1.lock
189 silly lockFile c06071bd-jade-1-6-0 jade@1.6.0
190 silly lockFile c06071bd-jade-1-6-0 jade@1.6.0
191 silly lockFile ad03ed78-jade jade@*
192 silly lockFile ad03ed78-jade jade@*
193 verbose about to build /Users/margaretgodowns/Documents/theIronYard/blogAngular/node_modules/serve
194 info /Users/margaretgodowns/Documents/theIronYard/blogAngular/node_modules/serve unbuild
195 info preuninstall serve@1.4.0
196 info uninstall serve@1.4.0
197 verbose true,/Users/margaretgodowns/Documents/theIronYard/blogAngular/node_modules,/Users/margaretgodowns/Documents/theIronYard/blogAngular/node_modules unbuild serve@1.4.0
198 verbose /Users/margaretgodowns/Documents/theIronYard/blogAngular/node_modules/.bin,[object Object] binRoot
199 info postuninstall serve@1.4.0
200 error Error: EACCES, open '/Users/margaretgodowns/.npm/jade/1.6.0/package/package.json'
200 error  { [Error: EACCES, open '/Users/margaretgodowns/.npm/jade/1.6.0/package/package.json']
200 error   errno: 3,
200 error   code: 'EACCES',
200 error   path: '/Users/margaretgodowns/.npm/jade/1.6.0/package/package.json',
200 error   parent: 'serve' }
201 error Please try running this command again as root/Administrator.
202 error System Darwin 13.3.0
203 error command "node" "/usr/local/bin/npm" "install" "serve"
204 error cwd /Users/margaretgodowns/Documents/theIronYard/blogAngular
205 error node -v v0.10.29
206 error npm -v 1.4.14
207 error path /Users/margaretgodowns/.npm/jade/1.6.0/package/package.json
208 error code EACCES
209 error errno 3
210 error stack Error: EACCES, open '/Users/margaretgodowns/.npm/jade/1.6.0/package/package.json'
211 verbose exit [ 3, true ]
